* using log directory '/Users/peterhiggins/Documents/RCode/medicaldata/medicaldata.Rcheck'
* using R version 4.0.4 (2021-02-15)
* using platform: x86_64-apple-darwin17.0 (64-bit)
* using session charset: UTF-8
* using option '--as-cran'
* checking for file 'medicaldata/DESCRIPTION' ... OK
* checking extension type ... Package
* this is package 'medicaldata' version '0.1.0'
* package encoding: UTF-8
* checking CRAN incoming feasibility ... NOTE
Maintainer: 'Peter Higgins <higgi13425@yahoo.com>'

New submission

The Title field should be in title case. Current version is:
'Data package for Medical Datasets'
In title case that is:
'Data Package for Medical Datasets'
* checking package namespace information ... OK
* checking package dependencies ... OK
* checking if this is a source package ... OK
* checking if there is a namespace ... OK
* checking for executable files ... OK
* checking for hidden files and directories ... OK
* checking for portable file names ... OK
* checking for sufficient/correct file permissions ... OK
* checking serialization versions ... OK
* checking whether package 'medicaldata' can be installed ... OK
* checking installed package size ... OK
* checking package directory ... OK
* checking for future file timestamps ... OK
* checking 'build' directory ... OK
* checking DESCRIPTION meta-information ... OK
* checking top-level files ... OK
* checking for left-over files ... OK
* checking index information ... OK
* checking package subdirectories ... OK
* checking R files for non-ASCII characters ... OK
* checking R files for syntax errors ... OK
* checking whether the package can be loaded ... OK
* checking whether the package can be loaded with stated dependencies ... OK
* checking whether the package can be unloaded cleanly ... OK
* checking whether the namespace can be loaded with stated dependencies ... OK
* checking whether the namespace can be unloaded cleanly ... OK
* checking use of S3 registration ... OK
* checking dependencies in R code ... OK
* checking S3 generic/method consistency ... OK
* checking replacement functions ... OK
* checking foreign function calls ... OK
* checking R code for possible problems ... OK
* checking Rd files ... OK
* checking Rd metadata ... OK
* checking Rd line widths ... OK
* checking Rd cross-references ... OK
* checking for missing documentation entries ... WARNING
Undocumented code objects:
  ‘Indometh’ ‘Theoph’ ‘blood_storage’ ‘cytomegalovirus’ ‘esoph’
  ‘infert’ ‘laryngoscope’ ‘licorice_gargle’ ‘opt’ ‘raa’ ‘smartpill’
  ‘supraclavicular’ ‘tumorgrowth’
Undocumented data sets:
  ‘blood_storage’ ‘cytomegalovirus’ ‘esoph’ ‘Indometh’ ‘infert’
  ‘laryngoscope’ ‘licorice_gargle’ ‘opt’ ‘raa’ ‘smartpill’
  ‘supraclavicular’ ‘Theoph’ ‘tumorgrowth’
All user-level objects in a package should have
documentation entries.
See chapter 'Writing R documentation files' in the
'Writing R Extensions' manual.
* checking for code/documentation mismatches ... OK
* checking Rd \usage sections ... OK
* checking Rd contents ... OK
* checking for unstated dependencies in examples ... OK
* checking contents of 'data' directory ... OK
* checking data for non-ASCII characters ... OK
* checking data for ASCII and uncompressed saves ... OK
* checking installed files from 'inst/doc' ... OK
* checking files in 'vignettes' ... OK
* checking examples ... NONE
* checking for unstated dependencies in vignettes ... OK
* checking package vignettes in 'inst/doc' ... OK
* checking re-building of vignette outputs ... OK
* checking PDF version of manual ... OK
* checking for non-standard things in the check directory ... OK
* checking for detritus in the temp directory ... OK
* DONE
Status: 1 WARNING, 1 NOTE
