Hmm ... looks like a package

This is pdfTeX, Version 3.14159265-2.6-1.40.21 (TeX Live 2020) (preloaded format=pdflatex)
 restricted \write18 enabled.
entering extended mode
LaTeX2e <2020-10-01> patch level 1
L3 programming layer <2020-10-05> xparse <2020-03-03>
(./Rd2.tex
(/Users/peterhiggins/Library/TinyTeX/texmf-dist/tex/latex/base/book.cls
Document Class: book 2020/04/10 v1.4m Standard LaTeX document class
(/Users/peterhiggins/Library/TinyTeX/texmf-dist/tex/latex/base/bk10.clo))
(/Library/Frameworks/R.framework/Resources/share/texmf/tex/latex/Rd.sty
(/Users/peterhiggins/Library/TinyTeX/texmf-dist/tex/latex/base/ifthen.sty)
(/Users/peterhiggins/Library/TinyTeX/texmf-dist/tex/latex/tools/longtable.sty)
(/Users/peterhiggins/Library/TinyTeX/texmf-dist/tex/latex/tools/bm.sty)
(/Users/peterhiggins/Library/TinyTeX/texmf-dist/tex/latex/base/alltt.sty)
(/Users/peterhiggins/Library/TinyTeX/texmf-dist/tex/latex/tools/verbatim.sty)
(/Users/peterhiggins/Library/TinyTeX/texmf-dist/tex/latex/url/url.sty)
(/Users/peterhiggins/Library/TinyTeX/texmf-dist/tex/latex/base/textcomp.sty)
(/Users/peterhiggins/Library/TinyTeX/texmf-dist/tex/latex/inconsolata/zi4.sty
`inconsolata-zi4' v1.12, 2019/05/17 Text macros for Inconsolata (msharpe)
(/Users/peterhiggins/Library/TinyTeX/texmf-dist/tex/latex/xkeyval/xkeyval.sty
(/Users/peterhiggins/Library/TinyTeX/texmf-dist/tex/generic/xkeyval/xkeyval.tex

(/Users/peterhiggins/Library/TinyTeX/texmf-dist/tex/generic/xkeyval/xkvutils.te
x
(/Users/peterhiggins/Library/TinyTeX/texmf-dist/tex/generic/xkeyval/keyval.tex)
))))
(/Users/peterhiggins/Library/TinyTeX/texmf-dist/tex/latex/graphics/color.sty
(/Users/peterhiggins/Library/TinyTeX/texmf-dist/tex/latex/graphics-cfg/color.cf
g)
(/Users/peterhiggins/Library/TinyTeX/texmf-dist/tex/latex/graphics-def/pdftex.d
ef))
(/Users/peterhiggins/Library/TinyTeX/texmf-dist/tex/latex/hyperref/hyperref.sty

(/Users/peterhiggins/Library/TinyTeX/texmf-dist/tex/generic/ltxcmds/ltxcmds.sty
) (/Users/peterhiggins/Library/TinyTeX/texmf-dist/tex/generic/iftex/iftex.sty)
(/Users/peterhiggins/Library/TinyTeX/texmf-dist/tex/generic/pdftexcmds/pdftexcm
ds.sty
(/Users/peterhiggins/Library/TinyTeX/texmf-dist/tex/generic/infwarerr/infwarerr
.sty))
(/Users/peterhiggins/Library/TinyTeX/texmf-dist/tex/generic/kvsetkeys/kvsetkeys
.sty)
(/Users/peterhiggins/Library/TinyTeX/texmf-dist/tex/generic/kvdefinekeys/kvdefi
nekeys.sty)
(/Users/peterhiggins/Library/TinyTeX/texmf-dist/tex/generic/pdfescape/pdfescape
.sty)
(/Users/peterhiggins/Library/TinyTeX/texmf-dist/tex/latex/hycolor/hycolor.sty)
(/Users/peterhiggins/Library/TinyTeX/texmf-dist/tex/latex/letltxmacro/letltxmac
ro.sty)
(/Users/peterhiggins/Library/TinyTeX/texmf-dist/tex/latex/auxhook/auxhook.sty)
(/Users/peterhiggins/Library/TinyTeX/texmf-dist/tex/latex/kvoptions/kvoptions.s
ty)
(/Users/peterhiggins/Library/TinyTeX/texmf-dist/tex/latex/hyperref/pd1enc.def)
(/Users/peterhiggins/Library/TinyTeX/texmf-dist/tex/generic/intcalc/intcalc.sty
)
(/Users/peterhiggins/Library/TinyTeX/texmf-dist/tex/generic/etexcmds/etexcmds.s
ty)
(/Users/peterhiggins/Library/TinyTeX/texmf-dist/tex/generic/bitset/bitset.sty
(/Users/peterhiggins/Library/TinyTeX/texmf-dist/tex/generic/bigintcalc/bigintca
lc.sty))
(/Users/peterhiggins/Library/TinyTeX/texmf-dist/tex/latex/base/atbegshi-ltx.sty
))
(/Users/peterhiggins/Library/TinyTeX/texmf-dist/tex/latex/hyperref/hpdftex.def
(/Users/peterhiggins/Library/TinyTeX/texmf-dist/tex/latex/base/atveryend-ltx.st
y)
(/Users/peterhiggins/Library/TinyTeX/texmf-dist/tex/latex/rerunfilecheck/rerunf
ilecheck.sty
(/Users/peterhiggins/Library/TinyTeX/texmf-dist/tex/generic/uniquecounter/uniqu
ecounter.sty)))

Package hyperref Warning: Option `hyperindex' has already been used,
(hyperref)                setting the option has no effect on input line 377.


Package hyperref Warning: Option `pagebackref' has already been used,
(hyperref)                setting the option has no effect on input line 377.

) (/Users/peterhiggins/Library/TinyTeX/texmf-dist/tex/latex/base/makeidx.sty)
(/Users/peterhiggins/Library/TinyTeX/texmf-dist/tex/latex/base/inputenc.sty)
Writing index file Rd2.idx

(/Users/peterhiggins/Library/TinyTeX/texmf-dist/tex/latex/l3backend/l3backend-p
dftex.def)
No file Rd2.aux.
(/Users/peterhiggins/Library/TinyTeX/texmf-dist/tex/latex/hyperref/nameref.sty
(/Users/peterhiggins/Library/TinyTeX/texmf-dist/tex/latex/refcount/refcount.sty
)
(/Users/peterhiggins/Library/TinyTeX/texmf-dist/tex/generic/gettitlestring/gett
itlestring.sty))
(/Users/peterhiggins/Library/TinyTeX/texmf-dist/tex/latex/inconsolata/ot1zi4.fd
)

LaTeX Font Warning: Font shape `OML/zi4/m/n' undefined
(Font)              using `OML/cmm/m/it' instead
(Font)              for symbol `textless' on input line 20.

[1{/Users/peterhiggins/Library/TinyTeX/texmf-var/fonts/map/pdftex/updmap/pdftex
.map}]
Underfull \hbox (badness 10000) in paragraph at lines 87--94

[2] [3] [4]
Underfull \hbox (badness 10000) in paragraph at lines 185--190

[5] [6] [7]
Overfull \hbox (3.54288pt too wide) in paragraph at lines 249--250
\OT1/cmr/m/n/10 fac-tor, with lev-els: 1[]afebrile, 2[]<99F/<37.2C, 3[]99-99.9F
/37.2-37.75C, 4[]100F+/37.7C+ 

Overfull \hbox (1.37056pt too wide) in paragraph at lines 253--254
\OT1/cmr/m/n/10 fac-tor: 1[]Death, 2[]Considerable[]deterioration, 3[]Moderate[
]deterioration, 4[]No[]change,
No file Rd2.ind.
[8]
(/private/var/folders/93/s18zkv2d4f556fxbjvb8yglc0000gp/T/Rtmp0RRoqh/Rd2pdf2d7b
511e6534/Rd2.aux)

Package rerunfilecheck Warning: File `Rd2.out' has changed.
(rerunfilecheck)                Rerun to get outlines right
(rerunfilecheck)                or use package `bookmark'.


LaTeX Font Warning: Some font shapes were not available, defaults substituted.

 )
(see the transcript file for additional information){/Users/peterhiggins/Librar
y/TinyTeX/texmf-dist/fonts/enc/dvips/inconsolata/i4-ot1-0.enc}</Users/peterhigg
ins/Library/TinyTeX/texmf-dist/fonts/type1/public/inconsolata/Inconsolata-zi4r.
pfb></Users/peterhiggins/Library/TinyTeX/texmf-dist/fonts/type1/public/amsfonts
/cm/cmbx10.pfb></Users/peterhiggins/Library/TinyTeX/texmf-dist/fonts/type1/publ
ic/amsfonts/cm/cmbx12.pfb></Users/peterhiggins/Library/TinyTeX/texmf-dist/fonts
/type1/public/amsfonts/cm/cmmi10.pfb></Users/peterhiggins/Library/TinyTeX/texmf
-dist/fonts/type1/public/amsfonts/cm/cmr10.pfb></Users/peterhiggins/Library/Tin
yTeX/texmf-dist/fonts/type1/public/amsfonts/cm/cmr12.pfb></Users/peterhiggins/L
ibrary/TinyTeX/texmf-dist/fonts/type1/public/amsfonts/cm/cmsl10.pfb></Users/pet
erhiggins/Library/TinyTeX/texmf-dist/fonts/type1/public/amsfonts/cm/cmss12.pfb>
</Users/peterhiggins/Library/TinyTeX/texmf-dist/fonts/type1/public/amsfonts/cm/
cmti10.pfb>
Output written on Rd2.pdf (8 pages, 142362 bytes).
Transcript written on Rd2.log.
This is pdfTeX, Version 3.14159265-2.6-1.40.21 (TeX Live 2020) (preloaded format=pdflatex)
 restricted \write18 enabled.
entering extended mode
LaTeX2e <2020-10-01> patch level 1
L3 programming layer <2020-10-05> xparse <2020-03-03>
(./Rd2.tex
(/Users/peterhiggins/Library/TinyTeX/texmf-dist/tex/latex/base/book.cls
Document Class: book 2020/04/10 v1.4m Standard LaTeX document class
(/Users/peterhiggins/Library/TinyTeX/texmf-dist/tex/latex/base/bk10.clo))
(/Library/Frameworks/R.framework/Resources/share/texmf/tex/latex/Rd.sty
(/Users/peterhiggins/Library/TinyTeX/texmf-dist/tex/latex/base/ifthen.sty)
(/Users/peterhiggins/Library/TinyTeX/texmf-dist/tex/latex/tools/longtable.sty)
(/Users/peterhiggins/Library/TinyTeX/texmf-dist/tex/latex/tools/bm.sty)
(/Users/peterhiggins/Library/TinyTeX/texmf-dist/tex/latex/base/alltt.sty)
(/Users/peterhiggins/Library/TinyTeX/texmf-dist/tex/latex/tools/verbatim.sty)
(/Users/peterhiggins/Library/TinyTeX/texmf-dist/tex/latex/url/url.sty)
(/Users/peterhiggins/Library/TinyTeX/texmf-dist/tex/latex/base/textcomp.sty)
(/Users/peterhiggins/Library/TinyTeX/texmf-dist/tex/latex/inconsolata/zi4.sty
`inconsolata-zi4' v1.12, 2019/05/17 Text macros for Inconsolata (msharpe)
(/Users/peterhiggins/Library/TinyTeX/texmf-dist/tex/latex/xkeyval/xkeyval.sty
(/Users/peterhiggins/Library/TinyTeX/texmf-dist/tex/generic/xkeyval/xkeyval.tex

(/Users/peterhiggins/Library/TinyTeX/texmf-dist/tex/generic/xkeyval/xkvutils.te
x
(/Users/peterhiggins/Library/TinyTeX/texmf-dist/tex/generic/xkeyval/keyval.tex)
))))
(/Users/peterhiggins/Library/TinyTeX/texmf-dist/tex/latex/graphics/color.sty
(/Users/peterhiggins/Library/TinyTeX/texmf-dist/tex/latex/graphics-cfg/color.cf
g)
(/Users/peterhiggins/Library/TinyTeX/texmf-dist/tex/latex/graphics-def/pdftex.d
ef))
(/Users/peterhiggins/Library/TinyTeX/texmf-dist/tex/latex/hyperref/hyperref.sty

(/Users/peterhiggins/Library/TinyTeX/texmf-dist/tex/generic/ltxcmds/ltxcmds.sty
) (/Users/peterhiggins/Library/TinyTeX/texmf-dist/tex/generic/iftex/iftex.sty)
(/Users/peterhiggins/Library/TinyTeX/texmf-dist/tex/generic/pdftexcmds/pdftexcm
ds.sty
(/Users/peterhiggins/Library/TinyTeX/texmf-dist/tex/generic/infwarerr/infwarerr
.sty))
(/Users/peterhiggins/Library/TinyTeX/texmf-dist/tex/generic/kvsetkeys/kvsetkeys
.sty)
(/Users/peterhiggins/Library/TinyTeX/texmf-dist/tex/generic/kvdefinekeys/kvdefi
nekeys.sty)
(/Users/peterhiggins/Library/TinyTeX/texmf-dist/tex/generic/pdfescape/pdfescape
.sty)
(/Users/peterhiggins/Library/TinyTeX/texmf-dist/tex/latex/hycolor/hycolor.sty)
(/Users/peterhiggins/Library/TinyTeX/texmf-dist/tex/latex/letltxmacro/letltxmac
ro.sty)
(/Users/peterhiggins/Library/TinyTeX/texmf-dist/tex/latex/auxhook/auxhook.sty)
(/Users/peterhiggins/Library/TinyTeX/texmf-dist/tex/latex/kvoptions/kvoptions.s
ty)
(/Users/peterhiggins/Library/TinyTeX/texmf-dist/tex/latex/hyperref/pd1enc.def)
(/Users/peterhiggins/Library/TinyTeX/texmf-dist/tex/generic/intcalc/intcalc.sty
)
(/Users/peterhiggins/Library/TinyTeX/texmf-dist/tex/generic/etexcmds/etexcmds.s
ty)
(/Users/peterhiggins/Library/TinyTeX/texmf-dist/tex/generic/bitset/bitset.sty
(/Users/peterhiggins/Library/TinyTeX/texmf-dist/tex/generic/bigintcalc/bigintca
lc.sty))
(/Users/peterhiggins/Library/TinyTeX/texmf-dist/tex/latex/base/atbegshi-ltx.sty
))
(/Users/peterhiggins/Library/TinyTeX/texmf-dist/tex/latex/hyperref/hpdftex.def
(/Users/peterhiggins/Library/TinyTeX/texmf-dist/tex/latex/base/atveryend-ltx.st
y)
(/Users/peterhiggins/Library/TinyTeX/texmf-dist/tex/latex/rerunfilecheck/rerunf
ilecheck.sty
(/Users/peterhiggins/Library/TinyTeX/texmf-dist/tex/generic/uniquecounter/uniqu
ecounter.sty)))

Package hyperref Warning: Option `hyperindex' has already been used,
(hyperref)                setting the option has no effect on input line 377.


Package hyperref Warning: Option `pagebackref' has already been used,
(hyperref)                setting the option has no effect on input line 377.

) (/Users/peterhiggins/Library/TinyTeX/texmf-dist/tex/latex/base/makeidx.sty)
(/Users/peterhiggins/Library/TinyTeX/texmf-dist/tex/latex/base/inputenc.sty)
Writing index file Rd2.idx

(/Users/peterhiggins/Library/TinyTeX/texmf-dist/tex/latex/l3backend/l3backend-p
dftex.def)
(/private/var/folders/93/s18zkv2d4f556fxbjvb8yglc0000gp/T/Rtmp0RRoqh/Rd2pdf2d7b
511e6534/Rd2.aux)
(/Users/peterhiggins/Library/TinyTeX/texmf-dist/tex/latex/hyperref/nameref.sty
(/Users/peterhiggins/Library/TinyTeX/texmf-dist/tex/latex/refcount/refcount.sty
)
(/Users/peterhiggins/Library/TinyTeX/texmf-dist/tex/generic/gettitlestring/gett
itlestring.sty))
(/private/var/folders/93/s18zkv2d4f556fxbjvb8yglc0000gp/T/Rtmp0RRoqh/Rd2pdf2d7b
511e6534/Rd2.out)
(/private/var/folders/93/s18zkv2d4f556fxbjvb8yglc0000gp/T/Rtmp0RRoqh/Rd2pdf2d7b
511e6534/Rd2.out)
(/Users/peterhiggins/Library/TinyTeX/texmf-dist/tex/latex/inconsolata/ot1zi4.fd
)

LaTeX Font Warning: Font shape `OML/zi4/m/n' undefined
(Font)              using `OML/cmm/m/it' instead
(Font)              for symbol `textless' on input line 20.


(/private/var/folders/93/s18zkv2d4f556fxbjvb8yglc0000gp/T/Rtmp0RRoqh/Rd2pdf2d7b
511e6534/Rd2.toc) [1{/Users/peterhiggins/Library/TinyTeX/texmf-var/fonts/map/pd
ftex/updmap/pdftex.map}] [2]
Underfull \hbox (badness 10000) in paragraph at lines 87--94

[3] [4]
Underfull \hbox (badness 10000) in paragraph at lines 185--190

[5] [6] [7]
Overfull \hbox (3.54288pt too wide) in paragraph at lines 249--250
\OT1/cmr/m/n/10 fac-tor, with lev-els: 1[]afebrile, 2[]<99F/<37.2C, 3[]99-99.9F
/37.2-37.75C, 4[]100F+/37.7C+ 

Overfull \hbox (1.37056pt too wide) in paragraph at lines 253--254
\OT1/cmr/m/n/10 fac-tor: 1[]Death, 2[]Considerable[]deterioration, 3[]Moderate[
]deterioration, 4[]No[]change,
No file Rd2.ind.
[8]
(/private/var/folders/93/s18zkv2d4f556fxbjvb8yglc0000gp/T/Rtmp0RRoqh/Rd2pdf2d7b
511e6534/Rd2.aux)

LaTeX Font Warning: Some font shapes were not available, defaults substituted.

 )
(see the transcript file for additional information){/Users/peterhiggins/Librar
y/TinyTeX/texmf-dist/fonts/enc/dvips/inconsolata/i4-ot1-0.enc}</Users/peterhigg
ins/Library/TinyTeX/texmf-dist/fonts/type1/public/inconsolata/Inconsolata-zi4r.
pfb></Users/peterhiggins/Library/TinyTeX/texmf-dist/fonts/type1/public/amsfonts
/cm/cmbx10.pfb></Users/peterhiggins/Library/TinyTeX/texmf-dist/fonts/type1/publ
ic/amsfonts/cm/cmbx12.pfb></Users/peterhiggins/Library/TinyTeX/texmf-dist/fonts
/type1/public/amsfonts/cm/cmmi10.pfb></Users/peterhiggins/Library/TinyTeX/texmf
-dist/fonts/type1/public/amsfonts/cm/cmr10.pfb></Users/peterhiggins/Library/Tin
yTeX/texmf-dist/fonts/type1/public/amsfonts/cm/cmr12.pfb></Users/peterhiggins/L
ibrary/TinyTeX/texmf-dist/fonts/type1/public/amsfonts/cm/cmsl10.pfb></Users/pet
erhiggins/Library/TinyTeX/texmf-dist/fonts/type1/public/amsfonts/cm/cmss12.pfb>
</Users/peterhiggins/Library/TinyTeX/texmf-dist/fonts/type1/public/amsfonts/cm/
cmti10.pfb>
Output written on Rd2.pdf (8 pages, 143449 bytes).
Transcript written on Rd2.log.
This is makeindex, version 2.15 [TeX Live 2020] (kpathsea + Thai support).
Scanning input file Rd2.idx....done (10 entries accepted, 0 rejected).
Sorting entries....done (34 comparisons).
Generating output file Rd2.ind....done (27 lines written, 0 warnings).
Output written in Rd2.ind.
Transcript written in Rd2.ilg.
This is pdfTeX, Version 3.14159265-2.6-1.40.21 (TeX Live 2020) (preloaded format=pdflatex)
 restricted \write18 enabled.
entering extended mode
LaTeX2e <2020-10-01> patch level 1
L3 programming layer <2020-10-05> xparse <2020-03-03>
(./Rd2.tex
(/Users/peterhiggins/Library/TinyTeX/texmf-dist/tex/latex/base/book.cls
Document Class: book 2020/04/10 v1.4m Standard LaTeX document class
(/Users/peterhiggins/Library/TinyTeX/texmf-dist/tex/latex/base/bk10.clo))
(/Library/Frameworks/R.framework/Resources/share/texmf/tex/latex/Rd.sty
(/Users/peterhiggins/Library/TinyTeX/texmf-dist/tex/latex/base/ifthen.sty)
(/Users/peterhiggins/Library/TinyTeX/texmf-dist/tex/latex/tools/longtable.sty)
(/Users/peterhiggins/Library/TinyTeX/texmf-dist/tex/latex/tools/bm.sty)
(/Users/peterhiggins/Library/TinyTeX/texmf-dist/tex/latex/base/alltt.sty)
(/Users/peterhiggins/Library/TinyTeX/texmf-dist/tex/latex/tools/verbatim.sty)
(/Users/peterhiggins/Library/TinyTeX/texmf-dist/tex/latex/url/url.sty)
(/Users/peterhiggins/Library/TinyTeX/texmf-dist/tex/latex/base/textcomp.sty)
(/Users/peterhiggins/Library/TinyTeX/texmf-dist/tex/latex/inconsolata/zi4.sty
`inconsolata-zi4' v1.12, 2019/05/17 Text macros for Inconsolata (msharpe)
(/Users/peterhiggins/Library/TinyTeX/texmf-dist/tex/latex/xkeyval/xkeyval.sty
(/Users/peterhiggins/Library/TinyTeX/texmf-dist/tex/generic/xkeyval/xkeyval.tex

(/Users/peterhiggins/Library/TinyTeX/texmf-dist/tex/generic/xkeyval/xkvutils.te
x
(/Users/peterhiggins/Library/TinyTeX/texmf-dist/tex/generic/xkeyval/keyval.tex)
))))
(/Users/peterhiggins/Library/TinyTeX/texmf-dist/tex/latex/graphics/color.sty
(/Users/peterhiggins/Library/TinyTeX/texmf-dist/tex/latex/graphics-cfg/color.cf
g)
(/Users/peterhiggins/Library/TinyTeX/texmf-dist/tex/latex/graphics-def/pdftex.d
ef))
(/Users/peterhiggins/Library/TinyTeX/texmf-dist/tex/latex/hyperref/hyperref.sty

(/Users/peterhiggins/Library/TinyTeX/texmf-dist/tex/generic/ltxcmds/ltxcmds.sty
) (/Users/peterhiggins/Library/TinyTeX/texmf-dist/tex/generic/iftex/iftex.sty)
(/Users/peterhiggins/Library/TinyTeX/texmf-dist/tex/generic/pdftexcmds/pdftexcm
ds.sty
(/Users/peterhiggins/Library/TinyTeX/texmf-dist/tex/generic/infwarerr/infwarerr
.sty))
(/Users/peterhiggins/Library/TinyTeX/texmf-dist/tex/generic/kvsetkeys/kvsetkeys
.sty)
(/Users/peterhiggins/Library/TinyTeX/texmf-dist/tex/generic/kvdefinekeys/kvdefi
nekeys.sty)
(/Users/peterhiggins/Library/TinyTeX/texmf-dist/tex/generic/pdfescape/pdfescape
.sty)
(/Users/peterhiggins/Library/TinyTeX/texmf-dist/tex/latex/hycolor/hycolor.sty)
(/Users/peterhiggins/Library/TinyTeX/texmf-dist/tex/latex/letltxmacro/letltxmac
ro.sty)
(/Users/peterhiggins/Library/TinyTeX/texmf-dist/tex/latex/auxhook/auxhook.sty)
(/Users/peterhiggins/Library/TinyTeX/texmf-dist/tex/latex/kvoptions/kvoptions.s
ty)
(/Users/peterhiggins/Library/TinyTeX/texmf-dist/tex/latex/hyperref/pd1enc.def)
(/Users/peterhiggins/Library/TinyTeX/texmf-dist/tex/generic/intcalc/intcalc.sty
)
(/Users/peterhiggins/Library/TinyTeX/texmf-dist/tex/generic/etexcmds/etexcmds.s
ty)
(/Users/peterhiggins/Library/TinyTeX/texmf-dist/tex/generic/bitset/bitset.sty
(/Users/peterhiggins/Library/TinyTeX/texmf-dist/tex/generic/bigintcalc/bigintca
lc.sty))
(/Users/peterhiggins/Library/TinyTeX/texmf-dist/tex/latex/base/atbegshi-ltx.sty
))
(/Users/peterhiggins/Library/TinyTeX/texmf-dist/tex/latex/hyperref/hpdftex.def
(/Users/peterhiggins/Library/TinyTeX/texmf-dist/tex/latex/base/atveryend-ltx.st
y)
(/Users/peterhiggins/Library/TinyTeX/texmf-dist/tex/latex/rerunfilecheck/rerunf
ilecheck.sty
(/Users/peterhiggins/Library/TinyTeX/texmf-dist/tex/generic/uniquecounter/uniqu
ecounter.sty)))

Package hyperref Warning: Option `hyperindex' has already been used,
(hyperref)                setting the option has no effect on input line 377.


Package hyperref Warning: Option `pagebackref' has already been used,
(hyperref)                setting the option has no effect on input line 377.

) (/Users/peterhiggins/Library/TinyTeX/texmf-dist/tex/latex/base/makeidx.sty)
(/Users/peterhiggins/Library/TinyTeX/texmf-dist/tex/latex/base/inputenc.sty)
Writing index file Rd2.idx

(/Users/peterhiggins/Library/TinyTeX/texmf-dist/tex/latex/l3backend/l3backend-p
dftex.def)
(/private/var/folders/93/s18zkv2d4f556fxbjvb8yglc0000gp/T/Rtmp0RRoqh/Rd2pdf2d7b
511e6534/Rd2.aux)
(/Users/peterhiggins/Library/TinyTeX/texmf-dist/tex/latex/hyperref/nameref.sty
(/Users/peterhiggins/Library/TinyTeX/texmf-dist/tex/latex/refcount/refcount.sty
)
(/Users/peterhiggins/Library/TinyTeX/texmf-dist/tex/generic/gettitlestring/gett
itlestring.sty))
(/private/var/folders/93/s18zkv2d4f556fxbjvb8yglc0000gp/T/Rtmp0RRoqh/Rd2pdf2d7b
511e6534/Rd2.out)
(/private/var/folders/93/s18zkv2d4f556fxbjvb8yglc0000gp/T/Rtmp0RRoqh/Rd2pdf2d7b
511e6534/Rd2.out)
(/Users/peterhiggins/Library/TinyTeX/texmf-dist/tex/latex/inconsolata/ot1zi4.fd
)

LaTeX Font Warning: Font shape `OML/zi4/m/n' undefined
(Font)              using `OML/cmm/m/it' instead
(Font)              for symbol `textless' on input line 20.


(/private/var/folders/93/s18zkv2d4f556fxbjvb8yglc0000gp/T/Rtmp0RRoqh/Rd2pdf2d7b
511e6534/Rd2.toc) [1{/Users/peterhiggins/Library/TinyTeX/texmf-var/fonts/map/pd
ftex/updmap/pdftex.map}] [2]
Underfull \hbox (badness 10000) in paragraph at lines 87--94

[3] [4]
Underfull \hbox (badness 10000) in paragraph at lines 185--190

[5] [6] [7]
Overfull \hbox (3.54288pt too wide) in paragraph at lines 249--250
\OT1/cmr/m/n/10 fac-tor, with lev-els: 1[]afebrile, 2[]<99F/<37.2C, 3[]99-99.9F
/37.2-37.75C, 4[]100F+/37.7C+ 

Overfull \hbox (1.37056pt too wide) in paragraph at lines 253--254
\OT1/cmr/m/n/10 fac-tor: 1[]Death, 2[]Considerable[]deterioration, 3[]Moderate[
]deterioration, 4[]No[]change,

(/private/var/folders/93/s18zkv2d4f556fxbjvb8yglc0000gp/T/Rtmp0RRoqh/Rd2pdf2d7b
511e6534/Rd2.ind [8] [9])
(/private/var/folders/93/s18zkv2d4f556fxbjvb8yglc0000gp/T/Rtmp0RRoqh/Rd2pdf2d7b
511e6534/Rd2.aux)

Package rerunfilecheck Warning: File `Rd2.out' has changed.
(rerunfilecheck)                Rerun to get outlines right
(rerunfilecheck)                or use package `bookmark'.


LaTeX Font Warning: Some font shapes were not available, defaults substituted.

 )
(see the transcript file for additional information){/Users/peterhiggins/Librar
y/TinyTeX/texmf-dist/fonts/enc/dvips/inconsolata/i4-ot1-0.enc}</Users/peterhigg
ins/Library/TinyTeX/texmf-dist/fonts/type1/public/inconsolata/Inconsolata-zi4r.
pfb></Users/peterhiggins/Library/TinyTeX/texmf-dist/fonts/type1/public/amsfonts
/cm/cmbx10.pfb></Users/peterhiggins/Library/TinyTeX/texmf-dist/fonts/type1/publ
ic/amsfonts/cm/cmbx12.pfb></Users/peterhiggins/Library/TinyTeX/texmf-dist/fonts
/type1/public/amsfonts/cm/cmmi10.pfb></Users/peterhiggins/Library/TinyTeX/texmf
-dist/fonts/type1/public/amsfonts/cm/cmr10.pfb></Users/peterhiggins/Library/Tin
yTeX/texmf-dist/fonts/type1/public/amsfonts/cm/cmr12.pfb></Users/peterhiggins/L
ibrary/TinyTeX/texmf-dist/fonts/type1/public/amsfonts/cm/cmsl10.pfb></Users/pet
erhiggins/Library/TinyTeX/texmf-dist/fonts/type1/public/amsfonts/cm/cmss12.pfb>
</Users/peterhiggins/Library/TinyTeX/texmf-dist/fonts/type1/public/amsfonts/cm/
cmsy10.pfb></Users/peterhiggins/Library/TinyTeX/texmf-dist/fonts/type1/public/a
msfonts/cm/cmti10.pfb>
Output written on Rd2.pdf (9 pages, 151831 bytes).
Transcript written on Rd2.log.
This is makeindex, version 2.15 [TeX Live 2020] (kpathsea + Thai support).
Scanning input file Rd2.idx....done (10 entries accepted, 0 rejected).
Sorting entries....done (34 comparisons).
Generating output file Rd2.ind....done (27 lines written, 0 warnings).
Output written in Rd2.ind.
Transcript written in Rd2.ilg.
This is pdfTeX, Version 3.14159265-2.6-1.40.21 (TeX Live 2020) (preloaded format=pdflatex)
 restricted \write18 enabled.
entering extended mode
LaTeX2e <2020-10-01> patch level 1
L3 programming layer <2020-10-05> xparse <2020-03-03>
(./Rd2.tex
(/Users/peterhiggins/Library/TinyTeX/texmf-dist/tex/latex/base/book.cls
Document Class: book 2020/04/10 v1.4m Standard LaTeX document class
(/Users/peterhiggins/Library/TinyTeX/texmf-dist/tex/latex/base/bk10.clo))
(/Library/Frameworks/R.framework/Resources/share/texmf/tex/latex/Rd.sty
(/Users/peterhiggins/Library/TinyTeX/texmf-dist/tex/latex/base/ifthen.sty)
(/Users/peterhiggins/Library/TinyTeX/texmf-dist/tex/latex/tools/longtable.sty)
(/Users/peterhiggins/Library/TinyTeX/texmf-dist/tex/latex/tools/bm.sty)
(/Users/peterhiggins/Library/TinyTeX/texmf-dist/tex/latex/base/alltt.sty)
(/Users/peterhiggins/Library/TinyTeX/texmf-dist/tex/latex/tools/verbatim.sty)
(/Users/peterhiggins/Library/TinyTeX/texmf-dist/tex/latex/url/url.sty)
(/Users/peterhiggins/Library/TinyTeX/texmf-dist/tex/latex/base/textcomp.sty)
(/Users/peterhiggins/Library/TinyTeX/texmf-dist/tex/latex/inconsolata/zi4.sty
`inconsolata-zi4' v1.12, 2019/05/17 Text macros for Inconsolata (msharpe)
(/Users/peterhiggins/Library/TinyTeX/texmf-dist/tex/latex/xkeyval/xkeyval.sty
(/Users/peterhiggins/Library/TinyTeX/texmf-dist/tex/generic/xkeyval/xkeyval.tex

(/Users/peterhiggins/Library/TinyTeX/texmf-dist/tex/generic/xkeyval/xkvutils.te
x
(/Users/peterhiggins/Library/TinyTeX/texmf-dist/tex/generic/xkeyval/keyval.tex)
))))
(/Users/peterhiggins/Library/TinyTeX/texmf-dist/tex/latex/graphics/color.sty
(/Users/peterhiggins/Library/TinyTeX/texmf-dist/tex/latex/graphics-cfg/color.cf
g)
(/Users/peterhiggins/Library/TinyTeX/texmf-dist/tex/latex/graphics-def/pdftex.d
ef))
(/Users/peterhiggins/Library/TinyTeX/texmf-dist/tex/latex/hyperref/hyperref.sty

(/Users/peterhiggins/Library/TinyTeX/texmf-dist/tex/generic/ltxcmds/ltxcmds.sty
) (/Users/peterhiggins/Library/TinyTeX/texmf-dist/tex/generic/iftex/iftex.sty)
(/Users/peterhiggins/Library/TinyTeX/texmf-dist/tex/generic/pdftexcmds/pdftexcm
ds.sty
(/Users/peterhiggins/Library/TinyTeX/texmf-dist/tex/generic/infwarerr/infwarerr
.sty))
(/Users/peterhiggins/Library/TinyTeX/texmf-dist/tex/generic/kvsetkeys/kvsetkeys
.sty)
(/Users/peterhiggins/Library/TinyTeX/texmf-dist/tex/generic/kvdefinekeys/kvdefi
nekeys.sty)
(/Users/peterhiggins/Library/TinyTeX/texmf-dist/tex/generic/pdfescape/pdfescape
.sty)
(/Users/peterhiggins/Library/TinyTeX/texmf-dist/tex/latex/hycolor/hycolor.sty)
(/Users/peterhiggins/Library/TinyTeX/texmf-dist/tex/latex/letltxmacro/letltxmac
ro.sty)
(/Users/peterhiggins/Library/TinyTeX/texmf-dist/tex/latex/auxhook/auxhook.sty)
(/Users/peterhiggins/Library/TinyTeX/texmf-dist/tex/latex/kvoptions/kvoptions.s
ty)
(/Users/peterhiggins/Library/TinyTeX/texmf-dist/tex/latex/hyperref/pd1enc.def)
(/Users/peterhiggins/Library/TinyTeX/texmf-dist/tex/generic/intcalc/intcalc.sty
)
(/Users/peterhiggins/Library/TinyTeX/texmf-dist/tex/generic/etexcmds/etexcmds.s
ty)
(/Users/peterhiggins/Library/TinyTeX/texmf-dist/tex/generic/bitset/bitset.sty
(/Users/peterhiggins/Library/TinyTeX/texmf-dist/tex/generic/bigintcalc/bigintca
lc.sty))
(/Users/peterhiggins/Library/TinyTeX/texmf-dist/tex/latex/base/atbegshi-ltx.sty
))
(/Users/peterhiggins/Library/TinyTeX/texmf-dist/tex/latex/hyperref/hpdftex.def
(/Users/peterhiggins/Library/TinyTeX/texmf-dist/tex/latex/base/atveryend-ltx.st
y)
(/Users/peterhiggins/Library/TinyTeX/texmf-dist/tex/latex/rerunfilecheck/rerunf
ilecheck.sty
(/Users/peterhiggins/Library/TinyTeX/texmf-dist/tex/generic/uniquecounter/uniqu
ecounter.sty)))

Package hyperref Warning: Option `hyperindex' has already been used,
(hyperref)                setting the option has no effect on input line 377.


Package hyperref Warning: Option `pagebackref' has already been used,
(hyperref)                setting the option has no effect on input line 377.

) (/Users/peterhiggins/Library/TinyTeX/texmf-dist/tex/latex/base/makeidx.sty)
(/Users/peterhiggins/Library/TinyTeX/texmf-dist/tex/latex/base/inputenc.sty)
Writing index file Rd2.idx

(/Users/peterhiggins/Library/TinyTeX/texmf-dist/tex/latex/l3backend/l3backend-p
dftex.def)
(/private/var/folders/93/s18zkv2d4f556fxbjvb8yglc0000gp/T/Rtmp0RRoqh/Rd2pdf2d7b
511e6534/Rd2.aux)
(/Users/peterhiggins/Library/TinyTeX/texmf-dist/tex/latex/hyperref/nameref.sty
(/Users/peterhiggins/Library/TinyTeX/texmf-dist/tex/latex/refcount/refcount.sty
)
(/Users/peterhiggins/Library/TinyTeX/texmf-dist/tex/generic/gettitlestring/gett
itlestring.sty))
(/private/var/folders/93/s18zkv2d4f556fxbjvb8yglc0000gp/T/Rtmp0RRoqh/Rd2pdf2d7b
511e6534/Rd2.out)
(/private/var/folders/93/s18zkv2d4f556fxbjvb8yglc0000gp/T/Rtmp0RRoqh/Rd2pdf2d7b
511e6534/Rd2.out)
(/Users/peterhiggins/Library/TinyTeX/texmf-dist/tex/latex/inconsolata/ot1zi4.fd
)

LaTeX Font Warning: Font shape `OML/zi4/m/n' undefined
(Font)              using `OML/cmm/m/it' instead
(Font)              for symbol `textless' on input line 20.


(/private/var/folders/93/s18zkv2d4f556fxbjvb8yglc0000gp/T/Rtmp0RRoqh/Rd2pdf2d7b
511e6534/Rd2.toc) [1{/Users/peterhiggins/Library/TinyTeX/texmf-var/fonts/map/pd
ftex/updmap/pdftex.map}] [2]
Underfull \hbox (badness 10000) in paragraph at lines 87--94

[3] [4]
Underfull \hbox (badness 10000) in paragraph at lines 185--190

[5] [6] [7]
Overfull \hbox (3.54288pt too wide) in paragraph at lines 249--250
\OT1/cmr/m/n/10 fac-tor, with lev-els: 1[]afebrile, 2[]<99F/<37.2C, 3[]99-99.9F
/37.2-37.75C, 4[]100F+/37.7C+ 

Overfull \hbox (1.37056pt too wide) in paragraph at lines 253--254
\OT1/cmr/m/n/10 fac-tor: 1[]Death, 2[]Considerable[]deterioration, 3[]Moderate[
]deterioration, 4[]No[]change,

(/private/var/folders/93/s18zkv2d4f556fxbjvb8yglc0000gp/T/Rtmp0RRoqh/Rd2pdf2d7b
511e6534/Rd2.ind [8] [9])
(/private/var/folders/93/s18zkv2d4f556fxbjvb8yglc0000gp/T/Rtmp0RRoqh/Rd2pdf2d7b
511e6534/Rd2.aux)

LaTeX Font Warning: Some font shapes were not available, defaults substituted.

 )
(see the transcript file for additional information){/Users/peterhiggins/Librar
y/TinyTeX/texmf-dist/fonts/enc/dvips/inconsolata/i4-ot1-0.enc}</Users/peterhigg
ins/Library/TinyTeX/texmf-dist/fonts/type1/public/inconsolata/Inconsolata-zi4r.
pfb></Users/peterhiggins/Library/TinyTeX/texmf-dist/fonts/type1/public/amsfonts
/cm/cmbx10.pfb></Users/peterhiggins/Library/TinyTeX/texmf-dist/fonts/type1/publ
ic/amsfonts/cm/cmbx12.pfb></Users/peterhiggins/Library/TinyTeX/texmf-dist/fonts
/type1/public/amsfonts/cm/cmmi10.pfb></Users/peterhiggins/Library/TinyTeX/texmf
-dist/fonts/type1/public/amsfonts/cm/cmr10.pfb></Users/peterhiggins/Library/Tin
yTeX/texmf-dist/fonts/type1/public/amsfonts/cm/cmr12.pfb></Users/peterhiggins/L
ibrary/TinyTeX/texmf-dist/fonts/type1/public/amsfonts/cm/cmsl10.pfb></Users/pet
erhiggins/Library/TinyTeX/texmf-dist/fonts/type1/public/amsfonts/cm/cmss12.pfb>
</Users/peterhiggins/Library/TinyTeX/texmf-dist/fonts/type1/public/amsfonts/cm/
cmsy10.pfb></Users/peterhiggins/Library/TinyTeX/texmf-dist/fonts/type1/public/a
msfonts/cm/cmti10.pfb>
Output written on Rd2.pdf (9 pages, 152386 bytes).
Transcript written on Rd2.log.
Saving output to ‘medicaldata-manual.pdf’ ...
Done
You may want to clean up by 'rm -Rf /var/folders/93/s18zkv2d4f556fxbjvb8yglc0000gp/T//Rtmp0RRoqh/Rd2pdf2d7b511e6534'
